app/build/outputs/logs/manifest-merger-debug-report.txt
-- Merging decision tree log ---
provider#com.uzmap.pkg.uzapp.DataProvider
INJECTED from src\main\AndroidManifest.xml:54:3-57:50
	android:grantUriPermissions
		ADDED from src\main\AndroidManifest.xml:57:13-47
	android:authorities
		INJECTED from src\main\AndroidManifest.xml
		ADDED from src\main\AndroidManifest.xml:55:13-56
	android:exported
		ADDED from src\main\AndroidManifest.xml:56:13-37
	android:name
		ADDED from src\main\AndroidManifest.xml:54:13-60
manifest
ADDED from src\main\AndroidManifest.xml:2:1-60:12
INJECTED from src\main\AndroidManifest.xml:2:1-60:12
INJECTED from src\main\AndroidManifest.xml:2:1-60:12
INJECTED from src\main\AndroidManifest.xml:2:1-60:12
MERGED from [com.android.support:multidex:1.0.2] AndroidManifest.xml:17:1-22:12
MERGED from [:moduleScrollPicture] AndroidManifest.xml:2:1-17:12
MERGED from [:permissionModule] AndroidManifest.xml:2:1-22:12
MERGED from [:moduleSMS] AndroidManifest.xml:2:1-29:12
MERGED from [com.android.support:appcompat-v7:24.0.0] AndroidManifest.xml:17:1-27:12
MERGED from [com.android.support:animated-vector-drawable:24.0.0] AndroidManifest.xml:17:1-24:12
MERGED from [com.android.support:support-vector-drawable:24.0.0] AndroidManifest.xml:17:1-25:12
MERGED from [com.android.support:support-v4:25.3.1] AndroidManifest.xml:17:1-31:12
MERGED from [:moduleDemo] AndroidManifest.xml:2:1-24:12
MERGED from [:moduleSyncInterface] AndroidManifest.xml:2:1-17:12
MERGED from [:moduleRefresh] AndroidManifest.xml:2:1-17:12
MERGED from [:moduleAppdelegate] AndroidManifest.xml:2:1-11:12
MERGED from [com.android.support:support-fragment:25.3.1] AndroidManifest.xml:17:1-31:12
MERGED from [com.android.support:support-media-compat:25.3.1] AndroidManifest.xml:17:1-31:12
MERGED from [com.android.support:support-core-utils:25.3.1] AndroidManifest.xml:17:1-31:12
MERGED from [com.android.support:support-core-ui:25.3.1] AndroidManifest.xml:17:1-31:12
MERGED from [com.android.support:support-compat:25.3.1] AndroidManifest.xml:17:1-31:12
INJECTED from src\main\AndroidManifest.xml:2:1-60:12
INJECTED from src\main\AndroidManifest.xml:2:1-60:12
INJECTED from src\main\AndroidManifest.xml:2:1-60:12
	package
		ADDED from src\main\AndroidManifest.xml:4:5-35
		INJECTED from src\main\AndroidManifest.xml
		INJECTED from src\main\AndroidManifest.xml
	android:versionName
		ADDED from src\main\AndroidManifest.xml:5:29-54
		INJECTED from src\main\AndroidManifest.xml
		INJECTED from src\main\AndroidManifest.xml
	xmlns:tools
		ADDED from src\main\AndroidManifest.xml:3:5-51
	xmlns:android
		ADDED from src\main\AndroidManifest.xml:2:11-69
	android:versionCode
		ADDED from src\main\AndroidManifest.xml:5:5-28
		INJECTED from src\main\AndroidManifest.xml
		INJECTED from src\main\AndroidManifest.xml
supports-screens
ADDED from src\main\AndroidManifest.xml:7:5-13:40
	android:largeScreens
		ADDED from src\main\AndroidManifest.xml:9:9-36
	android:smallScreens
		ADDED from src\main\AndroidManifest.xml:12:9-36
	android:normalScreens
		ADDED from src\main\AndroidManifest.xml:10:9-37
	android:xlargeScreens
		ADDED from src\main\AndroidManifest.xml:13:9-37
	android:resizeable
		ADDED from src\main\AndroidManifest.xml:11:9-34
	android:anyDensity
		ADDED from src\main\AndroidManifest.xml:8:9-34
uses-permission#android.permission.INTERNET
ADDED from src\main\AndroidManifest.xml:15:5-67
MERGED from [:moduleSMS] AndroidManifest.xml:11:5-67
MERGED from [:moduleSMS] AndroidManifest.xml:11:5-67
	android:name
		ADDED from src\main\AndroidManifest.xml:15:22-64
uses-permission#android.permission.ACCESS_NETWORK_STATE
ADDED from src\main\AndroidManifest.xml:16:5-79
MERGED from [:moduleSMS] AndroidManifest.xml:12:5-79
MERGED from [:moduleSMS] AndroidManifest.xml:12:5-79
	android:name
		ADDED from src\main\AndroidManifest.xml:16:22-76
uses-permission#android.permission.ACCESS_WIFI_STATE
ADDED from src\main\AndroidManifest.xml:17:5-76
MERGED from [:moduleSMS] AndroidManifest.xml:13:5-76
MERGED from [:moduleSMS] AndroidManifest.xml:13:5-76
	android:name
		ADDED from src\main\AndroidManifest.xml:17:22-73
uses-permission#android.permission.VIBRATE
ADDED from src\main\AndroidManifest.xml:18:5-66
MERGED from [:moduleSMS] AndroidManifest.xml:14:5-66
MERGED from [:moduleSMS] AndroidManifest.xml:14:5-66
MERGED from [:moduleDemo] AndroidManifest.xml:11:5-66
MERGED from [:moduleDemo] AndroidManifest.xml:11:5-66
	android:name
		ADDED from src\main\AndroidManifest.xml:18:22-63
uses-permission#android.permission.READ_PHONE_STATE
ADDED from src\main\AndroidManifest.xml:20:5-74
	android:name
		ADDED from src\main\AndroidManifest.xml:20:22-72
uses-permission#android.permission.WAKE_LOCK
ADDED from src\main\AndroidManifest.xml:21:5-67
	android:name
		ADDED from src\main\AndroidManifest.xml:21:22-65
uses-permission#android.permission.WRITE_EXTERNAL_STORAGE
ADDED from src\main\AndroidManifest.xml:22:5-80
	android:name
		ADDED from src\main\AndroidManifest.xml:22:22-78
uses-permission#android.permission.ACCESS_FINE_LOCATION
ADDED from src\main\AndroidManifest.xml:23:5-78
	android:name
		ADDED from src\main\AndroidManifest.xml:23:22-76
uses-permission#android.permission.ACCESS_COARSE_LOCATION
ADDED from src\main\AndroidManifest.xml:24:5-80
	android:name
		ADDED from src\main\AndroidManifest.xml:24:22-78
uses-permission#android.permission.CAMERA
ADDED from src\main\AndroidManifest.xml:25:5-65
	android:name
		ADDED from src\main\AndroidManifest.xml:25:22-62
uses-permission#android.permission.CALL_PHONE
ADDED from src\main\AndroidManifest.xml:26:5-69
	android:name
		ADDED from src\main\AndroidManifest.xml:26:22-66
uses-permission#android.permission.READ_SMS
ADDED from src\main\AndroidManifest.xml:28:5-67
MERGED from [:moduleSMS] AndroidManifest.xml:15:5-67
MERGED from [:moduleSMS] AndroidManifest.xml:15:5-67
	android:name
		ADDED from src\main\AndroidManifest.xml:28:22-64
uses-permission#android.permission.SEND_SMS
ADDED from src\main\AndroidManifest.xml:29:5-67
	android:name
		ADDED from src\main\AndroidManifest.xml:29:22-64
uses-permission#android.permission.WRITE_SMS
ADDED from src\main\AndroidManifest.xml:30:5-68
	android:name
		ADDED from src\main\AndroidManifest.xml:30:22-65
uses-permission#android.permission.RECEIVE_SMS
ADDED from src\main\AndroidManifest.xml:31:5-70
MERGED from [:moduleSMS] AndroidManifest.xml:16:5-70
MERGED from [:moduleSMS] AndroidManifest.xml:16:5-70
	android:name
		ADDED from src\main\AndroidManifest.xml:31:22-67
application
ADDED from src\main\AndroidManifest.xml:33:5-58:19
MERGED from [:moduleScrollPicture] AndroidManifest.xml:11:5-15:19
MERGED from [:moduleScrollPicture] AndroidManifest.xml:11:5-15:19
MERGED from [:permissionModule] AndroidManifest.xml:11:5-20:19
MERGED from [:permissionModule] AndroidManifest.xml:11:5-20:19
MERGED from [:moduleSMS] AndroidManifest.xml:18:5-27:19
MERGED from [:moduleSMS] AndroidManifest.xml:18:5-27:19
MERGED from [com.android.support:appcompat-v7:24.0.0] AndroidManifest.xml:25:5-20
MERGED from [com.android.support:appcompat-v7:24.0.0] AndroidManifest.xml:25:5-20
MERGED from [com.android.support:animated-vector-drawable:24.0.0] AndroidManifest.xml:22:5-20
MERGED from [com.android.support:animated-vector-drawable:24.0.0] AndroidManifest.xml:22:5-20
MERGED from [com.android.support:support-vector-drawable:24.0.0] AndroidManifest.xml:23:5-20
MERGED from [com.android.support:support-vector-drawable:24.0.0] AndroidManifest.xml:23:5-20
MERGED from [com.android.support:support-v4:25.3.1] AndroidManifest.xml:29:5-20
MERGED from [com.android.support:support-v4:25.3.1] AndroidManifest.xml:29:5-20
MERGED from [:moduleDemo] AndroidManifest.xml:13:5-22:19
MERGED from [:moduleDemo] AndroidManifest.xml:13:5-22:19
MERGED from [:moduleSyncInterface] AndroidManifest.xml:11:5-15:19
MERGED from [:moduleSyncInterface] AndroidManifest.xml:11:5-15:19
MERGED from [:moduleRefresh] AndroidManifest.xml:11:5-15:19
MERGED from [:moduleRefresh] AndroidManifest.xml:11:5-15:19
MERGED from [com.android.support:support-fragment:25.3.1] AndroidManifest.xml:29:5-20
MERGED from [com.android.support:support-fragment:25.3.1] AndroidManifest.xml:29:5-20
MERGED from [com.android.support:support-media-compat:25.3.1] AndroidManifest.xml:29:5-20
MERGED from [com.android.support:support-media-compat:25.3.1] AndroidManifest.xml:29:5-20
MERGED from [com.android.support:support-core-utils:25.3.1] AndroidManifest.xml:29:5-20
MERGED from [com.android.support:support-core-utils:25.3.1] AndroidManifest.xml:29:5-20
MERGED from [com.android.support:support-core-ui:25.3.1] AndroidManifest.xml:29:5-20
MERGED from [com.android.support:support-core-ui:25.3.1] AndroidManifest.xml:29:5-20
MERGED from [com.android.support:support-compat:25.3.1] AndroidManifest.xml:29:5-20
MERGED from [com.android.support:support-compat:25.3.1] AndroidManifest.xml:29:5-20
	android:supportsRtl
		ADDED from [:moduleScrollPicture] AndroidManifest.xml:14:9-35
	android:label
		ADDED from src\main\AndroidManifest.xml:36:9-41
	android:hardwareAccelerated
		ADDED from src\main\AndroidManifest.xml:38:9-43
	android:largeHeap
		ADDED from src\main\AndroidManifest.xml:37:9-33
	android:icon
		ADDED from src\main\AndroidManifest.xml:35:9-41
	android:allowBackup
		ADDED from src\main\AndroidManifest.xml:34:9-36
		REJECTED from [:moduleScrollPicture] AndroidManifest.xml:12:9-35
		REJECTED from [:permissionModule] AndroidManifest.xml:12:9-35
		REJECTED from [:moduleSMS] AndroidManifest.xml:19:9-35
		REJECTED from [:moduleDemo] AndroidManifest.xml:14:9-35
		REJECTED from [:moduleSyncInterface] AndroidManifest.xml:12:9-35
		REJECTED from [:moduleRefresh] AndroidManifest.xml:12:9-35
	tools:replace
		ADDED from src\main\AndroidManifest.xml:39:9-57
	android:name
		ADDED from src\main\AndroidManifest.xml:33:18-66
meta-data#uz_version
ADDED from src\main\AndroidManifest.xml:41:9-70
	android:value
		ADDED from src\main\AndroidManifest.xml:41:46-67
	android:name
		ADDED from src\main\AndroidManifest.xml:41:20-45
activity#com.uzmap.pkg.EntranceActivity
ADDED from src\main\AndroidManifest.xml:43:9-53:20
	android:screenOrientation
		ADDED from src\main\AndroidManifest.xml:47:13-49
	android:label
		ADDED from src\main\AndroidManifest.xml:45:13-45
	android:configChanges
		ADDED from src\main\AndroidManifest.xml:48:13-122
	android:theme
		ADDED from src\main\AndroidManifest.xml:46:13-44
	android:name
		ADDED from src\main\AndroidManifest.xml:44:13-58
intent-filter#action:name:android.intent.action.MAIN+category:name:android.intent.category.LAUNCHER
ADDED from src\main\AndroidManifest.xml:49:13-52:29
action#android.intent.action.MAIN
ADDED from src\main\AndroidManifest.xml:50:17-69
	android:name
		ADDED from src\main\AndroidManifest.xml:50:25-66
category#android.intent.category.LAUNCHER
ADDED from src\main\AndroidManifest.xml:51:17-77
	android:name
		ADDED from src\main\AndroidManifest.xml:51:27-74
uses-sdk
INJECTED from src\main\AndroidManifest.xml reason: use-sdk injection requested
INJECTED from src\main\AndroidManifest.xml
INJECTED from src\main\AndroidManifest.xml
MERGED from [com.android.support:multidex:1.0.2] AndroidManifest.xml:20:5-43
MERGED from [com.android.support:multidex:1.0.2] AndroidManifest.xml:20:5-43
MERGED from [:moduleScrollPicture] AndroidManifest.xml:7:5-9:41
MERGED from [:moduleScrollPicture] AndroidManifest.xml:7:5-9:41
MERGED from [:permissionModule] AndroidManifest.xml:7:5-9:41
MERGED from [:permissionModule] AndroidManifest.xml:7:5-9:41
MERGED from [:moduleSMS] AndroidManifest.xml:7:5-9:41
MERGED from [:moduleSMS] AndroidManifest.xml:7:5-9:41
MERGED from [com.android.support:appcompat-v7:24.0.0] AndroidManifest.xml:21:5-23:78
MERGED from [com.android.support:appcompat-v7:24.0.0] AndroidManifest.xml:21:5-23:78
MERGED from [com.android.support:animated-vector-drawable:24.0.0] AndroidManifest.xml:20:5-44
MERGED from [com.android.support:animated-vector-drawable:24.0.0] AndroidManifest.xml:20:5-44
MERGED from [com.android.support:support-vector-drawable:24.0.0] AndroidManifest.xml:21:5-43
MERGED from [com.android.support:support-vector-drawable:24.0.0] AndroidManifest.xml:21:5-43
MERGED from [com.android.support:support-v4:25.3.1] AndroidManifest.xml:21:5-23:54
MERGED from [com.android.support:support-v4:25.3.1] AndroidManifest.xml:21:5-23:54
MERGED from [:moduleDemo] AndroidManifest.xml:7:5-9:41
MERGED from [:moduleDemo] AndroidManifest.xml:7:5-9:41
MERGED from [:moduleSyncInterface] AndroidManifest.xml:7:5-9:41
MERGED from [:moduleSyncInterface] AndroidManifest.xml:7:5-9:41
MERGED from [:moduleRefresh] AndroidManifest.xml:7:5-9:41
MERGED from [:moduleRefresh] AndroidManifest.xml:7:5-9:41
MERGED from [:moduleAppdelegate] AndroidManifest.xml:7:5-9:41
MERGED from [:moduleAppdelegate] AndroidManifest.xml:7:5-9:41
MERGED from [com.android.support:support-fragment:25.3.1] AndroidManifest.xml:21:5-23:60
MERGED from [com.android.support:support-fragment:25.3.1] AndroidManifest.xml:21:5-23:60
MERGED from [com.android.support:support-media-compat:25.3.1] AndroidManifest.xml:21:5-23:63
MERGED from [com.android.support:support-media-compat:25.3.1] AndroidManifest.xml:21:5-23:63
MERGED from [com.android.support:support-core-utils:25.3.1] AndroidManifest.xml:21:5-23:61
MERGED from [com.android.support:support-core-utils:25.3.1] AndroidManifest.xml:21:5-23:61
MERGED from [com.android.support:support-core-ui:25.3.1] AndroidManifest.xml:21:5-23:58
MERGED from [com.android.support:support-core-ui:25.3.1] AndroidManifest.xml:21:5-23:58
MERGED from [com.android.support:support-compat:25.3.1] AndroidManifest.xml:21:5-23:58
MERGED from [com.android.support:support-compat:25.3.1] AndroidManifest.xml:21:5-23:58
INJECTED from src\main\AndroidManifest.xml
INJECTED from src\main\AndroidManifest.xml
	tools:overrideLibrary
		ADDED from [com.android.support:appcompat-v7:24.0.0] AndroidManifest.xml:23:9-75
	android:targetSdkVersion
		INJECTED from src\main\AndroidManifest.xml
		ADDED from src\main\AndroidManifest.xml
		INJECTED from src\main\AndroidManifest.xml
	android:minSdkVersion
		INJECTED from src\main\AndroidManifest.xml
		ADDED from src\main\AndroidManifest.xml
		INJECTED from src\main\AndroidManifest.xml
activity#com.jlkj.permissionmodule.PermissionActivity
ADDED from [:permissionModule] AndroidManifest.xml:15:9-19:84
	android:screenOrientation
		ADDED from [:permissionModule] AndroidManifest.xml:18:13-49
	android:configChanges
		ADDED from [:permissionModule] AndroidManifest.xml:17:13-55
	android:theme
		ADDED from [:permissionModule] AndroidManifest.xml:19:13-81
	android:name
		ADDED from [:permissionModule] AndroidManifest.xml:16:13-72
activity#com.jlkj.modulesms.PermissionActivity
ADDED from [:moduleSMS] AndroidManifest.xml:22:9-26:84
	android:screenOrientation
		ADDED from [:moduleSMS] AndroidManifest.xml:25:13-49
	android:configChanges
		ADDED from [:moduleSMS] AndroidManifest.xml:24:13-55
	android:theme
		ADDED from [:moduleSMS] AndroidManifest.xml:26:13-81
	android:name
		ADDED from [:moduleSMS] AndroidManifest.xml:23:13-65
meta-data#android.support.VERSION
ADDED from [com.android.support:support-v4:25.3.1] AndroidManifest.xml:25:5-27:34
MERGED from [com.android.support:support-fragment:25.3.1] AndroidManifest.xml:25:5-27:34
MERGED from [com.android.support:support-fragment:25.3.1] AndroidManifest.xml:25:5-27:34
MERGED from [com.android.support:support-media-compat:25.3.1] AndroidManifest.xml:25:5-27:34
MERGED from [com.android.support:support-media-compat:25.3.1] AndroidManifest.xml:25:5-27:34
MERGED from [com.android.support:support-core-utils:25.3.1] AndroidManifest.xml:25:5-27:34
MERGED from [com.android.support:support-core-utils:25.3.1] AndroidManifest.xml:25:5-27:34
MERGED from [com.android.support:support-core-ui:25.3.1] AndroidManifest.xml:25:5-27:34
MERGED from [com.android.support:support-core-ui:25.3.1] AndroidManifest.xml:25:5-27:34
MERGED from [com.android.support:support-compat:25.3.1] AndroidManifest.xml:25:5-27:34
MERGED from [com.android.support:support-compat:25.3.1] AndroidManifest.xml:25:5-27:34
	android:value
		ADDED from [com.android.support:support-v4:25.3.1] AndroidManifest.xml:27:9-31
	android:name
		ADDED from [com.android.support:support-v4:25.3.1] AndroidManifest.xml:26:9-47
activity#com.apicloud.moduleDemo.DemoActivity
ADDED from [:moduleDemo] AndroidManifest.xml:17:9-21:84
	android:screenOrientation
		ADDED from [:moduleDemo] AndroidManifest.xml:20:13-49
	android:configChanges
		ADDED from [:moduleDemo] AndroidManifest.xml:19:13-55
	android:theme
		ADDED from [:moduleDemo] AndroidManifest.xml:21:13-81
	android:name
		ADDED from [:moduleDemo] AndroidManifest.xml:18:13-64